<?xml version="1.0" encoding="UTF-8"?>
<!-- Generated by org.testng.reporters.JUnitXMLReporter -->
<testsuite hostname="LAPTOP-6057N52P" name="chromeTest" tests="4" failures="0" timestamp="10 Mar 2022 18:46:55 GMT" time="26.095" errors="0">
  <testcase name="verifylogin" time="11.731" classname="jan31.CrossBrowserTesting"/>
  <testcase name="verifylogin" time="4.258" classname="jan31.CrossBrowserTesting"/>
  <testcase name="verifylogin" time="4.271" classname="jan31.CrossBrowserTesting"/>
  <testcase name="verifylogin" time="3.4" classname="jan31.CrossBrowserTesting"/>
</testsuite> <!-- chromeTest -->
