<?xml version="1.0" encoding="UTF-8"?>
<!-- Generated by org.testng.reporters.JUnitXMLReporter -->
<testsuite hostname="LAPTOP-6057N52P" name="firefoxTest" tests="4" failures="0" timestamp="10 Mar 2022 18:47:07 GMT" time="12.635" errors="0">
  <testcase name="verifylogin" time="3.373" classname="jan31.CrossBrowserTesting"/>
  <testcase name="verifylogin" time="0.964" classname="jan31.CrossBrowserTesting"/>
  <testcase name="verifylogin" time="1.204" classname="jan31.CrossBrowserTesting"/>
  <testcase name="verifylogin" time="1.817" classname="jan31.CrossBrowserTesting"/>
</testsuite> <!-- firefoxTest -->
