<?xml version="1.0" encoding="UTF-8"?>
<!-- Generated by org.testng.reporters.JUnitXMLReporter -->
<testsuite hostname="LAPTOP-6057N52P" name="Default test" tests="4" failures="0" timestamp="10 Mar 2022 17:40:49 GMT" time="24.235" errors="0">
  <testcase name="verifylogin" time="10.899" classname="jan31.UsingDataProvider"/>
  <testcase name="verifylogin" time="3.617" classname="jan31.UsingDataProvider"/>
  <testcase name="verifylogin" time="4.112" classname="jan31.UsingDataProvider"/>
  <testcase name="verifylogin" time="2.741" classname="jan31.UsingDataProvider"/>
</testsuite> <!-- Default test -->
