<?xml version="1.0" encoding="UTF-8"?>
<testng-results skipped="0" failed="0" ignored="0" total="2" passed="2">
  <reporter-output>
    <line>
      <![CDATA[No of rows are:: 7]]>
    </line>
    <line>
      <![CDATA[Login success::dashboard       http://orangehrm.qedgetech.com/symfony/web/index.php/dashboard]]>
    </line>
    <line>
      <![CDATA[Login Fail::Invalid credentials   dashboard              http://orangehrm.qedgetech.com/symfony/web/index.php/auth/validateCredentials]]>
    </line>
    <line>
      <![CDATA[Login success::dashboard       http://orangehrm.qedgetech.com/symfony/web/index.php/dashboard]]>
    </line>
    <line>
      <![CDATA[Login Fail::Username cannot be empty   dashboard              http://orangehrm.qedgetech.com/symfony/web/index.php/auth/login]]>
    </line>
    <line>
      <![CDATA[Login Fail::Invalid credentials   dashboard              http://orangehrm.qedgetech.com/symfony/web/index.php/auth/validateCredentials]]>
    </line>
    <line>
      <![CDATA[Login Fail::Password cannot be empty   dashboard              http://orangehrm.qedgetech.com/symfony/web/index.php/auth/login]]>
    </line>
    <line>
      <![CDATA[Login Fail::Invalid credentials   dashboard              http://orangehrm.qedgetech.com/symfony/web/index.php/auth/validateCredentials]]>
    </line>
    <line>
      <![CDATA[Login success::adminflow      http://primusbank.qedgetech.com/adminflow.aspx]]>
    </line>
    <line>
      <![CDATA[Admin Logout success:::]]>
    </line>
    <line>
      <![CDATA[Login success::adminflow      http://primusbank.qedgetech.com/adminflow.aspx]]>
    </line>
    <line>
      <![CDATA[Branch creation Success::New Branch with id 241 created Sucessfully   New Branch with]]>
    </line>
    <line>
      <![CDATA[Admin Logout success:::]]>
    </line>
    <line>
      <![CDATA[Login success::adminflow      http://primusbank.qedgetech.com/adminflow.aspx]]>
    </line>
    <line>
      <![CDATA[Branch update success::Branch updated Sucessfully   Branch updated]]>
    </line>
    <line>
      <![CDATA[Admin Logout success:::]]>
    </line>
  </reporter-output>
  <suite name="FrameWorks" duration-ms="108815" started-at="2022-03-13T18:02:39Z" finished-at="2022-03-13T18:04:28Z">
    <groups>
    </groups>
    <test name="datadriven" duration-ms="25551" started-at="2022-03-13T18:02:39Z" finished-at="2022-03-13T18:03:05Z">
      <class name="DriverFactory.DataDrivenDriverScript">
        <test-method status="PASS" signature="setUp()[pri:0, instance:DriverFactory.DataDrivenDriverScript@6d4b1c02]" name="setUp" is-config="true" duration-ms="2240" started-at="2022-03-13T18:02:39Z" finished-at="2022-03-13T18:02:42Z">
          <reporter-output>
          </reporter-output>
        </test-method> <!-- setUp -->
        <test-method status="PASS" signature="verifyLogin()[pri:0, instance:DriverFactory.DataDrivenDriverScript@6d4b1c02]" name="verifyLogin" duration-ms="23149" started-at="2022-03-13T18:02:42Z" finished-at="2022-03-13T18:03:05Z">
          <reporter-output>
            <line>
              <![CDATA[No of rows are:: 7]]>
            </line>
            <line>
              <![CDATA[Login success::dashboard       http://orangehrm.qedgetech.com/symfony/web/index.php/dashboard]]>
            </line>
            <line>
              <![CDATA[Login Fail::Invalid credentials   dashboard              http://orangehrm.qedgetech.com/symfony/web/index.php/auth/validateCredentials]]>
            </line>
            <line>
              <![CDATA[Login success::dashboard       http://orangehrm.qedgetech.com/symfony/web/index.php/dashboard]]>
            </line>
            <line>
              <![CDATA[Login Fail::Username cannot be empty   dashboard              http://orangehrm.qedgetech.com/symfony/web/index.php/auth/login]]>
            </line>
            <line>
              <![CDATA[Login Fail::Invalid credentials   dashboard              http://orangehrm.qedgetech.com/symfony/web/index.php/auth/validateCredentials]]>
            </line>
            <line>
              <![CDATA[Login Fail::Password cannot be empty   dashboard              http://orangehrm.qedgetech.com/symfony/web/index.php/auth/login]]>
            </line>
            <line>
              <![CDATA[Login Fail::Invalid credentials   dashboard              http://orangehrm.qedgetech.com/symfony/web/index.php/auth/validateCredentials]]>
            </line>
          </reporter-output>
        </test-method> <!-- verifyLogin -->
        <test-method status="PASS" signature="tearDown()[pri:0, instance:DriverFactory.DataDrivenDriverScript@6d4b1c02]" name="tearDown" is-config="true" duration-ms="101" started-at="2022-03-13T18:03:05Z" finished-at="2022-03-13T18:03:05Z">
          <reporter-output>
          </reporter-output>
        </test-method> <!-- tearDown -->
      </class> <!-- DriverFactory.DataDrivenDriverScript -->
    </test> <!-- datadriven -->
    <test name="hybrid" duration-ms="83226" started-at="2022-03-13T18:03:05Z" finished-at="2022-03-13T18:04:28Z">
      <class name="DriverFactory.DriverScript">
        <test-method status="PASS" signature="setUp()[pri:0, instance:DriverFactory.DriverScript@59ec2012]" name="setUp" is-config="true" duration-ms="4164" started-at="2022-03-13T18:02:35Z" finished-at="2022-03-13T18:02:39Z">
          <reporter-output>
          </reporter-output>
        </test-method> <!-- setUp -->
        <test-method status="PASS" signature="startTest()[pri:0, instance:DriverFactory.DriverScript@59ec2012]" name="startTest" duration-ms="83223" started-at="2022-03-13T18:03:05Z" finished-at="2022-03-13T18:04:28Z">
          <reporter-output>
            <line>
              <![CDATA[Login success::adminflow      http://primusbank.qedgetech.com/adminflow.aspx]]>
            </line>
            <line>
              <![CDATA[Admin Logout success:::]]>
            </line>
            <line>
              <![CDATA[Login success::adminflow      http://primusbank.qedgetech.com/adminflow.aspx]]>
            </line>
            <line>
              <![CDATA[Branch creation Success::New Branch with id 241 created Sucessfully   New Branch with]]>
            </line>
            <line>
              <![CDATA[Admin Logout success:::]]>
            </line>
            <line>
              <![CDATA[Login success::adminflow      http://primusbank.qedgetech.com/adminflow.aspx]]>
            </line>
            <line>
              <![CDATA[Branch update success::Branch updated Sucessfully   Branch updated]]>
            </line>
            <line>
              <![CDATA[Admin Logout success:::]]>
            </line>
          </reporter-output>
        </test-method> <!-- startTest -->
        <test-method status="PASS" signature="tearDown()[pri:0, instance:DriverFactory.DriverScript@59ec2012]" name="tearDown" is-config="true" duration-ms="58" started-at="2022-03-13T18:04:28Z" finished-at="2022-03-13T18:04:28Z">
          <reporter-output>
          </reporter-output>
        </test-method> <!-- tearDown -->
      </class> <!-- DriverFactory.DriverScript -->
    </test> <!-- hybrid -->
  </suite> <!-- FrameWorks -->
</testng-results>
